usage: The script to extract SelfTarget proccessed txt file and map to Lindel classes
       [-h] -E EXPERIMENT [-C READ_CUTOFF] [-T TEST_OLIGOS] [-G GPU_DEVICES]
       [-P PRETRAIN] [-M MODEL_CLASS] [-D DATA_TRANSFORM] [-O MODE]
       [--progress_bar PROGRESS_BAR]
The script to extract SelfTarget proccessed txt file and map to Lindel classes: error: argument -G/--GPU_devices: expected one argument
usage: The script to extract SelfTarget proccessed txt file and map to Lindel classes
       [-h] -E EXPERIMENT [-C READ_CUTOFF] [-T TEST_OLIGOS] [-G GPU_DEVICES]
       [-P PRETRAIN] [-M MODEL_CLASS] [-D DATA_TRANSFORM] [-O MODE]
       [--progress_bar PROGRESS_BAR]
The script to extract SelfTarget proccessed txt file and map to Lindel classes: error: argument -G/--GPU_devices: expected one argument
usage: The script to extract SelfTarget proccessed txt file and map to Lindel classes
       [-h] -E EXPERIMENT [-C READ_CUTOFF] [-T TEST_OLIGOS] [-G GPU_DEVICES]
       [-P PRETRAIN] [-M MODEL_CLASS] [-D DATA_TRANSFORM] [-O MODE]
       [--progress_bar PROGRESS_BAR]
The script to extract SelfTarget proccessed txt file and map to Lindel classes: error: argument -G/--GPU_devices: expected one argument
usage: The script to extract SelfTarget proccessed txt file and map to Lindel classes
       [-h] -E EXPERIMENT [-C READ_CUTOFF] [-T TEST_OLIGOS] [-G GPU_DEVICES]
       [-P PRETRAIN] [-M MODEL_CLASS] [-D DATA_TRANSFORM] [-O MODE]
       [--progress_bar PROGRESS_BAR]
The script to extract SelfTarget proccessed txt file and map to Lindel classes: error: argument -G/--GPU_devices: expected one argument
usage: The script to extract SelfTarget proccessed txt file and map to Lindel classes
       [-h] -E EXPERIMENT [-C READ_CUTOFF] [-T TEST_OLIGOS] [-G GPU_DEVICES]
       [-P PRETRAIN] [-M MODEL_CLASS] [-D DATA_TRANSFORM] [-O MODE]
       [--progress_bar PROGRESS_BAR]
The script to extract SelfTarget proccessed txt file and map to Lindel classes: error: argument -G/--GPU_devices: expected one argument
usage: The script to extract SelfTarget proccessed txt file and map to Lindel classes
       [-h] -E EXPERIMENT [-C READ_CUTOFF] [-T TEST_OLIGOS] [-G GPU_DEVICES]
       [-P PRETRAIN] [-M MODEL_CLASS] [-D DATA_TRANSFORM] [-O MODE]
       [--progress_bar PROGRESS_BAR]
The script to extract SelfTarget proccessed txt file and map to Lindel classes: error: argument -G/--GPU_devices: expected one argument
usage: The script to extract SelfTarget proccessed txt file and map to Lindel classes
       [-h] -E EXPERIMENT [-C READ_CUTOFF] [-T TEST_OLIGOS] [-G GPU_DEVICES]
       [-P PRETRAIN] [-M MODEL_CLASS] [-D DATA_TRANSFORM] [-O MODE]
       [--progress_bar PROGRESS_BAR]
The script to extract SelfTarget proccessed txt file and map to Lindel classes: error: argument -G/--GPU_devices: expected one argument
usage: The script to extract SelfTarget proccessed txt file and map to Lindel classes
       [-h] -E EXPERIMENT [-C READ_CUTOFF] [-T TEST_OLIGOS] [-G GPU_DEVICES]
       [-P PRETRAIN] [-M MODEL_CLASS] [-D DATA_TRANSFORM] [-O MODE]
       [--progress_bar PROGRESS_BAR]
The script to extract SelfTarget proccessed txt file and map to Lindel classes: error: argument -G/--GPU_devices: expected one argument
usage: The script to extract SelfTarget proccessed txt file and map to Lindel classes
       [-h] -E EXPERIMENT [-C READ_CUTOFF] [-T TEST_OLIGOS] [-G GPU_DEVICES]
       [-P PRETRAIN] [-M MODEL_CLASS] [-D DATA_TRANSFORM] [-O MODE]
       [--progress_bar PROGRESS_BAR]
The script to extract SelfTarget proccessed txt file and map to Lindel classes: error: argument -G/--GPU_devices: expected one argument
usage: The script to extract SelfTarget proccessed txt file and map to Lindel classes
       [-h] -E EXPERIMENT [-C READ_CUTOFF] [-T TEST_OLIGOS] [-G GPU_DEVICES]
       [-P PRETRAIN] [-M MODEL_CLASS] [-D DATA_TRANSFORM] [-O MODE]
       [--progress_bar PROGRESS_BAR]
The script to extract SelfTarget proccessed txt file and map to Lindel classes: error: argument -G/--GPU_devices: expected one argument
usage: The script to extract SelfTarget proccessed txt file and map to Lindel classes
       [-h] -E EXPERIMENT [-C READ_CUTOFF] [-T TEST_OLIGOS] [-G GPU_DEVICES]
       [-P PRETRAIN] [-M MODEL_CLASS] [-D DATA_TRANSFORM] [-O MODE]
       [--progress_bar PROGRESS_BAR]
The script to extract SelfTarget proccessed txt file and map to Lindel classes: error: argument -G/--GPU_devices: expected one argument
usage: The script to extract SelfTarget proccessed txt file and map to Lindel classes
       [-h] -E EXPERIMENT [-C READ_CUTOFF] [-T TEST_OLIGOS] [-G GPU_DEVICES]
       [-P PRETRAIN] [-M MODEL_CLASS] [-D DATA_TRANSFORM] [-O MODE]
       [--progress_bar PROGRESS_BAR]
The script to extract SelfTarget proccessed txt file and map to Lindel classes: error: argument -G/--GPU_devices: expected one argument
usage: The script to extract SelfTarget proccessed txt file and map to Lindel classes
       [-h] -E EXPERIMENT [-C READ_CUTOFF] [-T TEST_OLIGOS] [-G GPU_DEVICES]
       [-P PRETRAIN] [-M MODEL_CLASS] [-D DATA_TRANSFORM] [-O MODE]
       [--progress_bar PROGRESS_BAR]
The script to extract SelfTarget proccessed txt file and map to Lindel classes: error: argument -G/--GPU_devices: expected one argument
usage: The script to extract SelfTarget proccessed txt file and map to Lindel classes
       [-h] -E EXPERIMENT [-C READ_CUTOFF] [-T TEST_OLIGOS] [-G GPU_DEVICES]
       [-P PRETRAIN] [-M MODEL_CLASS] [-D DATA_TRANSFORM] [-O MODE]
       [--progress_bar PROGRESS_BAR]
The script to extract SelfTarget proccessed txt file and map to Lindel classes: error: argument -G/--GPU_devices: expected one argument
usage: The script to extract SelfTarget proccessed txt file and map to Lindel classes
       [-h] -E EXPERIMENT [-C READ_CUTOFF] [-T TEST_OLIGOS] [-G GPU_DEVICES]
       [-P PRETRAIN] [-M MODEL_CLASS] [-D DATA_TRANSFORM] [-O MODE]
       [--progress_bar PROGRESS_BAR]
The script to extract SelfTarget proccessed txt file and map to Lindel classes: error: argument -G/--GPU_devices: expected one argument
/home/louisayu/.conda/envs/inDecay/lib/python3.10/site-packages/torch/nn/_reduction.py:42: UserWarning: size_average and reduce args will be deprecated, please use reduction='sum' instead.
  warnings.warn(warning.format(ret))
/home/louisayu/.conda/envs/inDecay/lib/python3.10/site-packages/torch/nn/_reduction.py:42: UserWarning: size_average and reduce args will be deprecated, please use reduction='sum' instead.
  warnings.warn(warning.format(ret))
/home/louisayu/.conda/envs/inDecay/lib/python3.10/site-packages/torch/nn/_reduction.py:42: UserWarning: size_average and reduce args will be deprecated, please use reduction='sum' instead.
  warnings.warn(warning.format(ret))
GPU available: True (cuda), used: True
TPU available: False, using: 0 TPU cores
IPU available: False, using: 0 IPUs
HPU available: False, using: 0 HPUs
You are using a CUDA device ('NVIDIA GeForce RTX 3090') that has Tensor Cores. To properly utilize them, you should set `torch.set_float32_matmul_precision('medium' | 'high')` which will trade-off precision for performance. For more details, read https://pytorch.org/docs/stable/generated/torch.set_float32_matmul_precision.html#torch.set_float32_matmul_precision
Missing logger folder: /ssd/users/louisayu/inDecay/pl_trainer_log/ST_featv5fast_ST_DeepDecay_identity_C200/ST_June_2017_BOB_LV7A_DPI7/lightning_logs
GPU available: True (cuda), used: True
TPU available: False, using: 0 TPU cores
IPU available: False, using: 0 IPUs
HPU available: False, using: 0 HPUs
You are using a CUDA device ('NVIDIA GeForce RTX 3090') that has Tensor Cores. To properly utilize them, you should set `torch.set_float32_matmul_precision('medium' | 'high')` which will trade-off precision for performance. For more details, read https://pytorch.org/docs/stable/generated/torch.set_float32_matmul_precision.html#torch.set_float32_matmul_precision
LOCAL_RANK: 0 - CUDA_VISIBLE_DEVICES: [0,1,2,3,4,5,6,7]

  | Name          | Type                   | Params
---------------------------------------------------------
0 | train_kld     | KLDivergence           | 0     
1 | val_kld       | KLDivergence           | 0     
2 | del_regressor | Sequential             | 16.3 K
3 | top5_recall   | Topk_Event_Overlapping | 0     
4 | top10_recall  | Topk_Event_Overlapping | 0     
5 | l1_crit       | L1Loss                 | 0     
---------------------------------------------------------
16.3 K    Trainable params
0         Non-trainable params
16.3 K    Total params
0.065     Total estimated model params size (MB)
LOCAL_RANK: 0 - CUDA_VISIBLE_DEVICES: [0,1,2,3,4,5,6,7]

  | Name          | Type                   | Params
---------------------------------------------------------
0 | train_kld     | KLDivergence           | 0     
1 | val_kld       | KLDivergence           | 0     
2 | del_regressor | Sequential             | 16.3 K
3 | top5_recall   | Topk_Event_Overlapping | 0     
4 | top10_recall  | Topk_Event_Overlapping | 0     
5 | l1_crit       | L1Loss                 | 0     
---------------------------------------------------------
16.3 K    Trainable params
0         Non-trainable params
16.3 K    Total params
0.065     Total estimated model params size (MB)
/home/louisayu/.conda/envs/inDecay/lib/python3.10/site-packages/torch/nn/_reduction.py:42: UserWarning: size_average and reduce args will be deprecated, please use reduction='sum' instead.
  warnings.warn(warning.format(ret))
GPU available: True (cuda), used: True
TPU available: False, using: 0 TPU cores
IPU available: False, using: 0 IPUs
HPU available: False, using: 0 HPUs
You are using a CUDA device ('NVIDIA GeForce RTX 3090') that has Tensor Cores. To properly utilize them, you should set `torch.set_float32_matmul_precision('medium' | 'high')` which will trade-off precision for performance. For more details, read https://pytorch.org/docs/stable/generated/torch.set_float32_matmul_precision.html#torch.set_float32_matmul_precision
Missing logger folder: /ssd/users/louisayu/inDecay/pl_trainer_log/ST_featv5fast_ST_DeepDecay_identity_C100/ST_June_2017_BOB_LV7A_DPI7/lightning_logs
/home/louisayu/.conda/envs/inDecay/lib/python3.10/site-packages/torch/nn/_reduction.py:42: UserWarning: size_average and reduce args will be deprecated, please use reduction='sum' instead.
  warnings.warn(warning.format(ret))
/home/louisayu/.conda/envs/inDecay/lib/python3.10/site-packages/torch/nn/_reduction.py:42: UserWarning: size_average and reduce args will be deprecated, please use reduction='sum' instead.
  warnings.warn(warning.format(ret))
LOCAL_RANK: 0 - CUDA_VISIBLE_DEVICES: [0,1,2,3,4,5,6,7]

  | Name          | Type                   | Params
---------------------------------------------------------
0 | train_kld     | KLDivergence           | 0     
1 | val_kld       | KLDivergence           | 0     
2 | del_regressor | Sequential             | 16.3 K
3 | top5_recall   | Topk_Event_Overlapping | 0     
4 | top10_recall  | Topk_Event_Overlapping | 0     
5 | l1_crit       | L1Loss                 | 0     
---------------------------------------------------------
16.3 K    Trainable params
0         Non-trainable params
16.3 K    Total params
0.065     Total estimated model params size (MB)
/home/louisayu/.conda/envs/inDecay/lib/python3.10/site-packages/torch/nn/_reduction.py:42: UserWarning: size_average and reduce args will be deprecated, please use reduction='sum' instead.
  warnings.warn(warning.format(ret))
/home/louisayu/.conda/envs/inDecay/lib/python3.10/site-packages/torch/nn/_reduction.py:42: UserWarning: size_average and reduce args will be deprecated, please use reduction='sum' instead.
  warnings.warn(warning.format(ret))
/home/louisayu/.conda/envs/inDecay/lib/python3.10/site-packages/torch/nn/_reduction.py:42: UserWarning: size_average and reduce args will be deprecated, please use reduction='sum' instead.
  warnings.warn(warning.format(ret))
/home/louisayu/.conda/envs/inDecay/lib/python3.10/site-packages/torch/nn/_reduction.py:42: UserWarning: size_average and reduce args will be deprecated, please use reduction='sum' instead.
  warnings.warn(warning.format(ret))
/home/louisayu/.conda/envs/inDecay/lib/python3.10/site-packages/torch/nn/_reduction.py:42: UserWarning: size_average and reduce args will be deprecated, please use reduction='sum' instead.
  warnings.warn(warning.format(ret))
GPU available: True (cuda), used: True
TPU available: False, using: 0 TPU cores
IPU available: False, using: 0 IPUs
HPU available: False, using: 0 HPUs
You are using a CUDA device ('NVIDIA GeForce RTX 3090') that has Tensor Cores. To properly utilize them, you should set `torch.set_float32_matmul_precision('medium' | 'high')` which will trade-off precision for performance. For more details, read https://pytorch.org/docs/stable/generated/torch.set_float32_matmul_precision.html#torch.set_float32_matmul_precision
/home/louisayu/.conda/envs/inDecay/lib/python3.10/site-packages/torch/nn/_reduction.py:42: UserWarning: size_average and reduce args will be deprecated, please use reduction='sum' instead.
  warnings.warn(warning.format(ret))
/home/louisayu/.conda/envs/inDecay/lib/python3.10/site-packages/torch/nn/_reduction.py:42: UserWarning: size_average and reduce args will be deprecated, please use reduction='sum' instead.
  warnings.warn(warning.format(ret))
GPU available: True (cuda), used: True
TPU available: False, using: 0 TPU cores
IPU available: False, using: 0 IPUs
HPU available: False, using: 0 HPUs
You are using a CUDA device ('NVIDIA GeForce RTX 3090') that has Tensor Cores. To properly utilize them, you should set `torch.set_float32_matmul_precision('medium' | 'high')` which will trade-off precision for performance. For more details, read https://pytorch.org/docs/stable/generated/torch.set_float32_matmul_precision.html#torch.set_float32_matmul_precision
/home/louisayu/.conda/envs/inDecay/lib/python3.10/site-packages/torch/nn/_reduction.py:42: UserWarning: size_average and reduce args will be deprecated, please use reduction='sum' instead.
  warnings.warn(warning.format(ret))
/home/louisayu/.conda/envs/inDecay/lib/python3.10/site-packages/torch/nn/_reduction.py:42: UserWarning: size_average and reduce args will be deprecated, please use reduction='sum' instead.
  warnings.warn(warning.format(ret))
GPU available: True (cuda), used: True
TPU available: False, using: 0 TPU cores
IPU available: False, using: 0 IPUs
HPU available: False, using: 0 HPUs
LOCAL_RANK: 0 - CUDA_VISIBLE_DEVICES: [0,1,2,3,4,5,6,7]

  | Name          | Type                   | Params
---------------------------------------------------------
0 | train_kld     | KLDivergence           | 0     
1 | val_kld       | KLDivergence           | 0     
2 | del_regressor | Sequential             | 16.3 K
3 | top5_recall   | Topk_Event_Overlapping | 0     
4 | top10_recall  | Topk_Event_Overlapping | 0     
5 | l1_crit       | L1Loss                 | 0     
---------------------------------------------------------
16.3 K    Trainable params
0         Non-trainable params
16.3 K    Total params
0.065     Total estimated model params size (MB)
You are using a CUDA device ('NVIDIA GeForce RTX 3090') that has Tensor Cores. To properly utilize them, you should set `torch.set_float32_matmul_precision('medium' | 'high')` which will trade-off precision for performance. For more details, read https://pytorch.org/docs/stable/generated/torch.set_float32_matmul_precision.html#torch.set_float32_matmul_precision
LOCAL_RANK: 0 - CUDA_VISIBLE_DEVICES: [0,1,2,3,4,5,6,7]

  | Name          | Type                   | Params
---------------------------------------------------------
0 | train_kld     | KLDivergence           | 0     
1 | val_kld       | KLDivergence           | 0     
2 | del_regressor | Sequential             | 16.3 K
3 | top5_recall   | Topk_Event_Overlapping | 0     
4 | top10_recall  | Topk_Event_Overlapping | 0     
5 | l1_crit       | L1Loss                 | 0     
---------------------------------------------------------
16.3 K    Trainable params
0         Non-trainable params
16.3 K    Total params
0.065     Total estimated model params size (MB)
GPU available: True (cuda), used: True
TPU available: False, using: 0 TPU cores
IPU available: False, using: 0 IPUs
HPU available: False, using: 0 HPUs
You are using a CUDA device ('NVIDIA GeForce RTX 3090') that has Tensor Cores. To properly utilize them, you should set `torch.set_float32_matmul_precision('medium' | 'high')` which will trade-off precision for performance. For more details, read https://pytorch.org/docs/stable/generated/torch.set_float32_matmul_precision.html#torch.set_float32_matmul_precision
Missing logger folder: /ssd/users/louisayu/inDecay/pl_trainer_log/ST_featv5fast_ST_DeepDecay_identity_C200/ST_June_2017_CHO_LV7A_DPI7/lightning_logs
GPU available: True (cuda), used: True
TPU available: False, using: 0 TPU cores
IPU available: False, using: 0 IPUs
HPU available: False, using: 0 HPUs
You are using a CUDA device ('NVIDIA GeForce RTX 3090') that has Tensor Cores. To properly utilize them, you should set `torch.set_float32_matmul_precision('medium' | 'high')` which will trade-off precision for performance. For more details, read https://pytorch.org/docs/stable/generated/torch.set_float32_matmul_precision.html#torch.set_float32_matmul_precision
Missing logger folder: /ssd/users/louisayu/inDecay/pl_trainer_log/ST_featv5fast_ST_DeepDecay_identity_C100/ST_June_2017_CHO_LV7A_DPI7/lightning_logs
GPU available: True (cuda), used: True
TPU available: False, using: 0 TPU cores
IPU available: False, using: 0 IPUs
HPU available: False, using: 0 HPUs
You are using a CUDA device ('NVIDIA GeForce RTX 3090') that has Tensor Cores. To properly utilize them, you should set `torch.set_float32_matmul_precision('medium' | 'high')` which will trade-off precision for performance. For more details, read https://pytorch.org/docs/stable/generated/torch.set_float32_matmul_precision.html#torch.set_float32_matmul_precision
Missing logger folder: /ssd/users/louisayu/inDecay/pl_trainer_log/ST_featv5fast_ST_DeepDecay_identity_C200/ST_June_2017_HAP1_LV7A_DPI7/lightning_logs
GPU available: True (cuda), used: True
TPU available: False, using: 0 TPU cores
IPU available: False, using: 0 IPUs
HPU available: False, using: 0 HPUs
You are using a CUDA device ('NVIDIA GeForce RTX 3090') that has Tensor Cores. To properly utilize them, you should set `torch.set_float32_matmul_precision('medium' | 'high')` which will trade-off precision for performance. For more details, read https://pytorch.org/docs/stable/generated/torch.set_float32_matmul_precision.html#torch.set_float32_matmul_precision
Missing logger folder: /ssd/users/louisayu/inDecay/pl_trainer_log/ST_featv5fast_ST_DeepDecay_identity_C100/ST_June_2017_HAP1_LV7A_DPI7/lightning_logs
GPU available: True (cuda), used: True
TPU available: False, using: 0 TPU cores
IPU available: False, using: 0 IPUs
HPU available: False, using: 0 HPUs
LOCAL_RANK: 0 - CUDA_VISIBLE_DEVICES: [0,1,2,3,4,5,6,7]

  | Name          | Type                   | Params
---------------------------------------------------------
0 | train_kld     | KLDivergence           | 0     
1 | val_kld       | KLDivergence           | 0     
2 | del_regressor | Sequential             | 16.3 K
3 | top5_recall   | Topk_Event_Overlapping | 0     
4 | top10_recall  | Topk_Event_Overlapping | 0     
5 | l1_crit       | L1Loss                 | 0     
---------------------------------------------------------
16.3 K    Trainable params
0         Non-trainable params
16.3 K    Total params
0.065     Total estimated model params size (MB)
You are using a CUDA device ('NVIDIA GeForce RTX 3090') that has Tensor Cores. To properly utilize them, you should set `torch.set_float32_matmul_precision('medium' | 'high')` which will trade-off precision for performance. For more details, read https://pytorch.org/docs/stable/generated/torch.set_float32_matmul_precision.html#torch.set_float32_matmul_precision
Missing logger folder: /ssd/users/louisayu/inDecay/pl_trainer_log/ST_featv5fast_ST_DeepDecay_identity_C100/ST_June_2017_E14TG2A_LV7A_DPI7/lightning_logs
GPU available: True (cuda), used: True
TPU available: False, using: 0 TPU cores
IPU available: False, using: 0 IPUs
HPU available: False, using: 0 HPUs
You are using a CUDA device ('NVIDIA GeForce RTX 3090') that has Tensor Cores. To properly utilize them, you should set `torch.set_float32_matmul_precision('medium' | 'high')` which will trade-off precision for performance. For more details, read https://pytorch.org/docs/stable/generated/torch.set_float32_matmul_precision.html#torch.set_float32_matmul_precision
Missing logger folder: /ssd/users/louisayu/inDecay/pl_trainer_log/ST_featv5fast_ST_DeepDecay_identity_C100/ST_June_2017_K562_LV7A_DPI7/lightning_logs
LOCAL_RANK: 0 - CUDA_VISIBLE_DEVICES: [0,1,2,3,4,5,6,7]

  | Name          | Type                   | Params
---------------------------------------------------------
0 | train_kld     | KLDivergence           | 0     
1 | val_kld       | KLDivergence           | 0     
2 | del_regressor | Sequential             | 16.3 K
3 | top5_recall   | Topk_Event_Overlapping | 0     
4 | top10_recall  | Topk_Event_Overlapping | 0     
5 | l1_crit       | L1Loss                 | 0     
---------------------------------------------------------
16.3 K    Trainable params
0         Non-trainable params
16.3 K    Total params
0.065     Total estimated model params size (MB)
GPU available: True (cuda), used: True
TPU available: False, using: 0 TPU cores
IPU available: False, using: 0 IPUs
HPU available: False, using: 0 HPUs
You are using a CUDA device ('NVIDIA GeForce RTX 3090') that has Tensor Cores. To properly utilize them, you should set `torch.set_float32_matmul_precision('medium' | 'high')` which will trade-off precision for performance. For more details, read https://pytorch.org/docs/stable/generated/torch.set_float32_matmul_precision.html#torch.set_float32_matmul_precision
Missing logger folder: /ssd/users/louisayu/inDecay/pl_trainer_log/ST_featv5fast_ST_DeepDecay_identity_C200/ST_June_2017_E14TG2A_LV7A_DPI7/lightning_logs
LOCAL_RANK: 0 - CUDA_VISIBLE_DEVICES: [0,1,2,3,4,5,6,7]

  | Name          | Type                   | Params
---------------------------------------------------------
0 | train_kld     | KLDivergence           | 0     
1 | val_kld       | KLDivergence           | 0     
2 | del_regressor | Sequential             | 16.3 K
3 | top5_recall   | Topk_Event_Overlapping | 0     
4 | top10_recall  | Topk_Event_Overlapping | 0     
5 | l1_crit       | L1Loss                 | 0     
---------------------------------------------------------
16.3 K    Trainable params
0         Non-trainable params
16.3 K    Total params
0.065     Total estimated model params size (MB)
GPU available: True (cuda), used: True
TPU available: False, using: 0 TPU cores
IPU available: False, using: 0 IPUs
HPU available: False, using: 0 HPUs
You are using a CUDA device ('NVIDIA GeForce RTX 3090') that has Tensor Cores. To properly utilize them, you should set `torch.set_float32_matmul_precision('medium' | 'high')` which will trade-off precision for performance. For more details, read https://pytorch.org/docs/stable/generated/torch.set_float32_matmul_precision.html#torch.set_float32_matmul_precision
LOCAL_RANK: 0 - CUDA_VISIBLE_DEVICES: [0,1,2,3,4,5,6,7]

  | Name          | Type                   | Params
---------------------------------------------------------
0 | train_kld     | KLDivergence           | 0     
1 | val_kld       | KLDivergence           | 0     
2 | del_regressor | Sequential             | 16.3 K
3 | top5_recall   | Topk_Event_Overlapping | 0     
4 | top10_recall  | Topk_Event_Overlapping | 0     
5 | l1_crit       | L1Loss                 | 0     
---------------------------------------------------------
16.3 K    Trainable params
0         Non-trainable params
16.3 K    Total params
0.065     Total estimated model params size (MB)
GPU available: True (cuda), used: True
TPU available: False, using: 0 TPU cores
IPU available: False, using: 0 IPUs
HPU available: False, using: 0 HPUs
You are using a CUDA device ('NVIDIA GeForce RTX 3090') that has Tensor Cores. To properly utilize them, you should set `torch.set_float32_matmul_precision('medium' | 'high')` which will trade-off precision for performance. For more details, read https://pytorch.org/docs/stable/generated/torch.set_float32_matmul_precision.html#torch.set_float32_matmul_precision
Missing logger folder: /ssd/users/louisayu/inDecay/pl_trainer_log/ST_featv5fast_ST_DeepDecay_identity_C200/ST_June_2017_K562_LV7A_DPI7/lightning_logs
LOCAL_RANK: 0 - CUDA_VISIBLE_DEVICES: [0,1,2,3,4,5,6,7]

  | Name          | Type                   | Params
---------------------------------------------------------
0 | train_kld     | KLDivergence           | 0     
1 | val_kld       | KLDivergence           | 0     
2 | del_regressor | Sequential             | 16.3 K
3 | top5_recall   | Topk_Event_Overlapping | 0     
4 | top10_recall  | Topk_Event_Overlapping | 0     
5 | l1_crit       | L1Loss                 | 0     
---------------------------------------------------------
16.3 K    Trainable params
0         Non-trainable params
16.3 K    Total params
0.065     Total estimated model params size (MB)
LOCAL_RANK: 0 - CUDA_VISIBLE_DEVICES: [0,1,2,3,4,5,6,7]

  | Name          | Type                   | Params
---------------------------------------------------------
0 | train_kld     | KLDivergence           | 0     
1 | val_kld       | KLDivergence           | 0     
2 | del_regressor | Sequential             | 16.3 K
3 | top5_recall   | Topk_Event_Overlapping | 0     
4 | top10_recall  | Topk_Event_Overlapping | 0     
5 | l1_crit       | L1Loss                 | 0     
---------------------------------------------------------
16.3 K    Trainable params
0         Non-trainable params
16.3 K    Total params
0.065     Total estimated model params size (MB)
LOCAL_RANK: 0 - CUDA_VISIBLE_DEVICES: [0,1,2,3,4,5,6,7]

  | Name          | Type                   | Params
---------------------------------------------------------
0 | train_kld     | KLDivergence           | 0     
1 | val_kld       | KLDivergence           | 0     
2 | del_regressor | Sequential             | 16.3 K
3 | top5_recall   | Topk_Event_Overlapping | 0     
4 | top10_recall  | Topk_Event_Overlapping | 0     
5 | l1_crit       | L1Loss                 | 0     
---------------------------------------------------------
16.3 K    Trainable params
0         Non-trainable params
16.3 K    Total params
0.065     Total estimated model params size (MB)
LOCAL_RANK: 0 - CUDA_VISIBLE_DEVICES: [0,1,2,3,4,5,6,7]

  | Name          | Type                   | Params
---------------------------------------------------------
0 | train_kld     | KLDivergence           | 0     
1 | val_kld       | KLDivergence           | 0     
2 | del_regressor | Sequential             | 16.3 K
3 | top5_recall   | Topk_Event_Overlapping | 0     
4 | top10_recall  | Topk_Event_Overlapping | 0     
5 | l1_crit       | L1Loss                 | 0     
---------------------------------------------------------
16.3 K    Trainable params
0         Non-trainable params
16.3 K    Total params
0.065     Total estimated model params size (MB)
LOCAL_RANK: 0 - CUDA_VISIBLE_DEVICES: [0,1,2,3,4,5,6,7]

  | Name          | Type                   | Params
---------------------------------------------------------
0 | train_kld     | KLDivergence           | 0     
1 | val_kld       | KLDivergence           | 0     
2 | del_regressor | Sequential             | 16.3 K
3 | top5_recall   | Topk_Event_Overlapping | 0     
4 | top10_recall  | Topk_Event_Overlapping | 0     
5 | l1_crit       | L1Loss                 | 0     
---------------------------------------------------------
16.3 K    Trainable params
0         Non-trainable params
16.3 K    Total params
0.065     Total estimated model params size (MB)
LOCAL_RANK: 0 - CUDA_VISIBLE_DEVICES: [0,1,2,3,4,5,6,7]

  | Name          | Type                   | Params
---------------------------------------------------------
0 | train_kld     | KLDivergence           | 0     
1 | val_kld       | KLDivergence           | 0     
2 | del_regressor | Sequential             | 16.3 K
3 | top5_recall   | Topk_Event_Overlapping | 0     
4 | top10_recall  | Topk_Event_Overlapping | 0     
5 | l1_crit       | L1Loss                 | 0     
---------------------------------------------------------
16.3 K    Trainable params
0         Non-trainable params
16.3 K    Total params
0.065     Total estimated model params size (MB)
/ssd/users/louisayu/inDecay/scripts/STfeatv5_inDecay_faster.py:113: FutureWarning: Downcasting object dtype arrays on .fillna, .ffill, .bfill is deprecated and will change in a future version. Call result.infer_objects(copy=False) instead. To opt-in to the future behavior, set `pd.set_option('future.no_silent_downcasting', True)`
  label_df.fillna(0, inplace=True) # make indels that are not capture with count=0
/ssd/users/louisayu/inDecay/scripts/STfeatv5_inDecay_faster.py:113: FutureWarning: Downcasting object dtype arrays on .fillna, .ffill, .bfill is deprecated and will change in a future version. Call result.infer_objects(copy=False) instead. To opt-in to the future behavior, set `pd.set_option('future.no_silent_downcasting', True)`
  label_df.fillna(0, inplace=True) # make indels that are not capture with count=0
/ssd/users/louisayu/inDecay/scripts/STfeatv5_inDecay_faster.py:113: FutureWarning: Downcasting object dtype arrays on .fillna, .ffill, .bfill is deprecated and will change in a future version. Call result.infer_objects(copy=False) instead. To opt-in to the future behavior, set `pd.set_option('future.no_silent_downcasting', True)`
  label_df.fillna(0, inplace=True) # make indels that are not capture with count=0
/ssd/users/louisayu/inDecay/scripts/STfeatv5_inDecay_faster.py:113: FutureWarning: Downcasting object dtype arrays on .fillna, .ffill, .bfill is deprecated and will change in a future version. Call result.infer_objects(copy=False) instead. To opt-in to the future behavior, set `pd.set_option('future.no_silent_downcasting', True)`
  label_df.fillna(0, inplace=True) # make indels that are not capture with count=0
/ssd/users/louisayu/inDecay/scripts/STfeatv5_inDecay_faster.py:113: FutureWarning: Downcasting object dtype arrays on .fillna, .ffill, .bfill is deprecated and will change in a future version. Call result.infer_objects(copy=False) instead. To opt-in to the future behavior, set `pd.set_option('future.no_silent_downcasting', True)`
  label_df.fillna(0, inplace=True) # make indels that are not capture with count=0
/ssd/users/louisayu/inDecay/scripts/STfeatv5_inDecay_faster.py:113: FutureWarning: Downcasting object dtype arrays on .fillna, .ffill, .bfill is deprecated and will change in a future version. Call result.infer_objects(copy=False) instead. To opt-in to the future behavior, set `pd.set_option('future.no_silent_downcasting', True)`
  label_df.fillna(0, inplace=True) # make indels that are not capture with count=0
/ssd/users/louisayu/inDecay/scripts/STfeatv5_inDecay_faster.py:113: FutureWarning: Downcasting object dtype arrays on .fillna, .ffill, .bfill is deprecated and will change in a future version. Call result.infer_objects(copy=False) instead. To opt-in to the future behavior, set `pd.set_option('future.no_silent_downcasting', True)`
  label_df.fillna(0, inplace=True) # make indels that are not capture with count=0
/ssd/users/louisayu/inDecay/scripts/STfeatv5_inDecay_faster.py:113: FutureWarning: Downcasting object dtype arrays on .fillna, .ffill, .bfill is deprecated and will change in a future version. Call result.infer_objects(copy=False) instead. To opt-in to the future behavior, set `pd.set_option('future.no_silent_downcasting', True)`
  label_df.fillna(0, inplace=True) # make indels that are not capture with count=0
/ssd/users/louisayu/inDecay/scripts/STfeatv5_inDecay_faster.py:113: FutureWarning: Downcasting object dtype arrays on .fillna, .ffill, .bfill is deprecated and will change in a future version. Call result.infer_objects(copy=False) instead. To opt-in to the future behavior, set `pd.set_option('future.no_silent_downcasting', True)`
  label_df.fillna(0, inplace=True) # make indels that are not capture with count=0
You are using a CUDA device ('NVIDIA GeForce RTX 3090') that has Tensor Cores. To properly utilize them, you should set `torch.set_float32_matmul_precision('medium' | 'high')` which will trade-off precision for performance. For more details, read https://pytorch.org/docs/stable/generated/torch.set_float32_matmul_precision.html#torch.set_float32_matmul_precision
LOCAL_RANK: 0 - CUDA_VISIBLE_DEVICES: [0,1,2,3,4,5,6,7]
You are using a CUDA device ('NVIDIA GeForce RTX 3090') that has Tensor Cores. To properly utilize them, you should set `torch.set_float32_matmul_precision('medium' | 'high')` which will trade-off precision for performance. For more details, read https://pytorch.org/docs/stable/generated/torch.set_float32_matmul_precision.html#torch.set_float32_matmul_precision
LOCAL_RANK: 0 - CUDA_VISIBLE_DEVICES: [0,1,2,3,4,5,6,7]
You are using a CUDA device ('NVIDIA GeForce RTX 3090') that has Tensor Cores. To properly utilize them, you should set `torch.set_float32_matmul_precision('medium' | 'high')` which will trade-off precision for performance. For more details, read https://pytorch.org/docs/stable/generated/torch.set_float32_matmul_precision.html#torch.set_float32_matmul_precision
LOCAL_RANK: 0 - CUDA_VISIBLE_DEVICES: [0,1,2,3,4,5,6,7]
You are using a CUDA device ('NVIDIA GeForce RTX 3090') that has Tensor Cores. To properly utilize them, you should set `torch.set_float32_matmul_precision('medium' | 'high')` which will trade-off precision for performance. For more details, read https://pytorch.org/docs/stable/generated/torch.set_float32_matmul_precision.html#torch.set_float32_matmul_precision
LOCAL_RANK: 0 - CUDA_VISIBLE_DEVICES: [0,1,2,3,4,5,6,7]
You are using a CUDA device ('NVIDIA GeForce RTX 3090') that has Tensor Cores. To properly utilize them, you should set `torch.set_float32_matmul_precision('medium' | 'high')` which will trade-off precision for performance. For more details, read https://pytorch.org/docs/stable/generated/torch.set_float32_matmul_precision.html#torch.set_float32_matmul_precision
LOCAL_RANK: 0 - CUDA_VISIBLE_DEVICES: [0,1,2,3,4,5,6,7]
You are using a CUDA device ('NVIDIA GeForce RTX 3090') that has Tensor Cores. To properly utilize them, you should set `torch.set_float32_matmul_precision('medium' | 'high')` which will trade-off precision for performance. For more details, read https://pytorch.org/docs/stable/generated/torch.set_float32_matmul_precision.html#torch.set_float32_matmul_precision
LOCAL_RANK: 0 - CUDA_VISIBLE_DEVICES: [0,1,2,3,4,5,6,7]
`Trainer.fit` stopped: `max_epochs=100` reached.
You are using a CUDA device ('NVIDIA GeForce RTX 3090') that has Tensor Cores. To properly utilize them, you should set `torch.set_float32_matmul_precision('medium' | 'high')` which will trade-off precision for performance. For more details, read https://pytorch.org/docs/stable/generated/torch.set_float32_matmul_precision.html#torch.set_float32_matmul_precision
LOCAL_RANK: 0 - CUDA_VISIBLE_DEVICES: [0,1,2,3,4,5,6,7]
You are using a CUDA device ('NVIDIA GeForce RTX 3090') that has Tensor Cores. To properly utilize them, you should set `torch.set_float32_matmul_precision('medium' | 'high')` which will trade-off precision for performance. For more details, read https://pytorch.org/docs/stable/generated/torch.set_float32_matmul_precision.html#torch.set_float32_matmul_precision
LOCAL_RANK: 0 - CUDA_VISIBLE_DEVICES: [0,1,2,3,4,5,6,7]
`Trainer.fit` stopped: `max_epochs=100` reached.
You are using a CUDA device ('NVIDIA GeForce RTX 3090') that has Tensor Cores. To properly utilize them, you should set `torch.set_float32_matmul_precision('medium' | 'high')` which will trade-off precision for performance. For more details, read https://pytorch.org/docs/stable/generated/torch.set_float32_matmul_precision.html#torch.set_float32_matmul_precision
LOCAL_RANK: 0 - CUDA_VISIBLE_DEVICES: [0,1,2,3,4,5,6,7]
You are using a CUDA device ('NVIDIA GeForce RTX 3090') that has Tensor Cores. To properly utilize them, you should set `torch.set_float32_matmul_precision('medium' | 'high')` which will trade-off precision for performance. For more details, read https://pytorch.org/docs/stable/generated/torch.set_float32_matmul_precision.html#torch.set_float32_matmul_precision
LOCAL_RANK: 0 - CUDA_VISIBLE_DEVICES: [0,1,2,3,4,5,6,7]
`Trainer.fit` stopped: `max_epochs=100` reached.
You are using a CUDA device ('NVIDIA GeForce RTX 3090') that has Tensor Cores. To properly utilize them, you should set `torch.set_float32_matmul_precision('medium' | 'high')` which will trade-off precision for performance. For more details, read https://pytorch.org/docs/stable/generated/torch.set_float32_matmul_precision.html#torch.set_float32_matmul_precision
LOCAL_RANK: 0 - CUDA_VISIBLE_DEVICES: [0,1,2,3,4,5,6,7]
You are using a CUDA device ('NVIDIA GeForce RTX 3090') that has Tensor Cores. To properly utilize them, you should set `torch.set_float32_matmul_precision('medium' | 'high')` which will trade-off precision for performance. For more details, read https://pytorch.org/docs/stable/generated/torch.set_float32_matmul_precision.html#torch.set_float32_matmul_precision
LOCAL_RANK: 0 - CUDA_VISIBLE_DEVICES: [0,1,2,3,4,5,6,7]
`Trainer.fit` stopped: `max_epochs=100` reached.
You are using a CUDA device ('NVIDIA GeForce RTX 3090') that has Tensor Cores. To properly utilize them, you should set `torch.set_float32_matmul_precision('medium' | 'high')` which will trade-off precision for performance. For more details, read https://pytorch.org/docs/stable/generated/torch.set_float32_matmul_precision.html#torch.set_float32_matmul_precision
LOCAL_RANK: 0 - CUDA_VISIBLE_DEVICES: [0,1,2,3,4,5,6,7]
You are using a CUDA device ('NVIDIA GeForce RTX 3090') that has Tensor Cores. To properly utilize them, you should set `torch.set_float32_matmul_precision('medium' | 'high')` which will trade-off precision for performance. For more details, read https://pytorch.org/docs/stable/generated/torch.set_float32_matmul_precision.html#torch.set_float32_matmul_precision
LOCAL_RANK: 0 - CUDA_VISIBLE_DEVICES: [0,1,2,3,4,5,6,7]
`Trainer.fit` stopped: `max_epochs=100` reached.
You are using a CUDA device ('NVIDIA GeForce RTX 3090') that has Tensor Cores. To properly utilize them, you should set `torch.set_float32_matmul_precision('medium' | 'high')` which will trade-off precision for performance. For more details, read https://pytorch.org/docs/stable/generated/torch.set_float32_matmul_precision.html#torch.set_float32_matmul_precision
LOCAL_RANK: 0 - CUDA_VISIBLE_DEVICES: [0,1,2,3,4,5,6,7]
You are using a CUDA device ('NVIDIA GeForce RTX 3090') that has Tensor Cores. To properly utilize them, you should set `torch.set_float32_matmul_precision('medium' | 'high')` which will trade-off precision for performance. For more details, read https://pytorch.org/docs/stable/generated/torch.set_float32_matmul_precision.html#torch.set_float32_matmul_precision
LOCAL_RANK: 0 - CUDA_VISIBLE_DEVICES: [0,1,2,3,4,5,6,7]
`Trainer.fit` stopped: `max_epochs=100` reached.
You are using a CUDA device ('NVIDIA GeForce RTX 3090') that has Tensor Cores. To properly utilize them, you should set `torch.set_float32_matmul_precision('medium' | 'high')` which will trade-off precision for performance. For more details, read https://pytorch.org/docs/stable/generated/torch.set_float32_matmul_precision.html#torch.set_float32_matmul_precision
LOCAL_RANK: 0 - CUDA_VISIBLE_DEVICES: [0,1,2,3,4,5,6,7]
You are using a CUDA device ('NVIDIA GeForce RTX 3090') that has Tensor Cores. To properly utilize them, you should set `torch.set_float32_matmul_precision('medium' | 'high')` which will trade-off precision for performance. For more details, read https://pytorch.org/docs/stable/generated/torch.set_float32_matmul_precision.html#torch.set_float32_matmul_precision
LOCAL_RANK: 0 - CUDA_VISIBLE_DEVICES: [0,1,2,3,4,5,6,7]
`Trainer.fit` stopped: `max_epochs=100` reached.
You are using a CUDA device ('NVIDIA GeForce RTX 3090') that has Tensor Cores. To properly utilize them, you should set `torch.set_float32_matmul_precision('medium' | 'high')` which will trade-off precision for performance. For more details, read https://pytorch.org/docs/stable/generated/torch.set_float32_matmul_precision.html#torch.set_float32_matmul_precision
LOCAL_RANK: 0 - CUDA_VISIBLE_DEVICES: [0,1,2,3,4,5,6,7]
You are using a CUDA device ('NVIDIA GeForce RTX 3090') that has Tensor Cores. To properly utilize them, you should set `torch.set_float32_matmul_precision('medium' | 'high')` which will trade-off precision for performance. For more details, read https://pytorch.org/docs/stable/generated/torch.set_float32_matmul_precision.html#torch.set_float32_matmul_precision
LOCAL_RANK: 0 - CUDA_VISIBLE_DEVICES: [0,1,2,3,4,5,6,7]
`Trainer.fit` stopped: `max_epochs=100` reached.
You are using a CUDA device ('NVIDIA GeForce RTX 3090') that has Tensor Cores. To properly utilize them, you should set `torch.set_float32_matmul_precision('medium' | 'high')` which will trade-off precision for performance. For more details, read https://pytorch.org/docs/stable/generated/torch.set_float32_matmul_precision.html#torch.set_float32_matmul_precision
LOCAL_RANK: 0 - CUDA_VISIBLE_DEVICES: [0,1,2,3,4,5,6,7]
`Trainer.fit` stopped: `max_epochs=100` reached.
You are using a CUDA device ('NVIDIA GeForce RTX 3090') that has Tensor Cores. To properly utilize them, you should set `torch.set_float32_matmul_precision('medium' | 'high')` which will trade-off precision for performance. For more details, read https://pytorch.org/docs/stable/generated/torch.set_float32_matmul_precision.html#torch.set_float32_matmul_precision
LOCAL_RANK: 0 - CUDA_VISIBLE_DEVICES: [0,1,2,3,4,5,6,7]
You are using a CUDA device ('NVIDIA GeForce RTX 3090') that has Tensor Cores. To properly utilize them, you should set `torch.set_float32_matmul_precision('medium' | 'high')` which will trade-off precision for performance. For more details, read https://pytorch.org/docs/stable/generated/torch.set_float32_matmul_precision.html#torch.set_float32_matmul_precision
LOCAL_RANK: 0 - CUDA_VISIBLE_DEVICES: [0,1,2,3,4,5,6,7]
You are using a CUDA device ('NVIDIA GeForce RTX 3090') that has Tensor Cores. To properly utilize them, you should set `torch.set_float32_matmul_precision('medium' | 'high')` which will trade-off precision for performance. For more details, read https://pytorch.org/docs/stable/generated/torch.set_float32_matmul_precision.html#torch.set_float32_matmul_precision
LOCAL_RANK: 0 - CUDA_VISIBLE_DEVICES: [0,1,2,3,4,5,6,7]
`Trainer.fit` stopped: `max_epochs=100` reached.
You are using a CUDA device ('NVIDIA GeForce RTX 3090') that has Tensor Cores. To properly utilize them, you should set `torch.set_float32_matmul_precision('medium' | 'high')` which will trade-off precision for performance. For more details, read https://pytorch.org/docs/stable/generated/torch.set_float32_matmul_precision.html#torch.set_float32_matmul_precision
LOCAL_RANK: 0 - CUDA_VISIBLE_DEVICES: [0,1,2,3,4,5,6,7]
You are using a CUDA device ('NVIDIA GeForce RTX 3090') that has Tensor Cores. To properly utilize them, you should set `torch.set_float32_matmul_precision('medium' | 'high')` which will trade-off precision for performance. For more details, read https://pytorch.org/docs/stable/generated/torch.set_float32_matmul_precision.html#torch.set_float32_matmul_precision
LOCAL_RANK: 0 - CUDA_VISIBLE_DEVICES: [0,1,2,3,4,5,6,7]
`Trainer.fit` stopped: `max_epochs=100` reached.
You are using a CUDA device ('NVIDIA GeForce RTX 3090') that has Tensor Cores. To properly utilize them, you should set `torch.set_float32_matmul_precision('medium' | 'high')` which will trade-off precision for performance. For more details, read https://pytorch.org/docs/stable/generated/torch.set_float32_matmul_precision.html#torch.set_float32_matmul_precision
LOCAL_RANK: 0 - CUDA_VISIBLE_DEVICES: [0,1,2,3,4,5,6,7]
You are using a CUDA device ('NVIDIA GeForce RTX 3090') that has Tensor Cores. To properly utilize them, you should set `torch.set_float32_matmul_precision('medium' | 'high')` which will trade-off precision for performance. For more details, read https://pytorch.org/docs/stable/generated/torch.set_float32_matmul_precision.html#torch.set_float32_matmul_precision
LOCAL_RANK: 0 - CUDA_VISIBLE_DEVICES: [0,1,2,3,4,5,6,7]
`Trainer.fit` stopped: `max_epochs=100` reached.
You are using a CUDA device ('NVIDIA GeForce RTX 3090') that has Tensor Cores. To properly utilize them, you should set `torch.set_float32_matmul_precision('medium' | 'high')` which will trade-off precision for performance. For more details, read https://pytorch.org/docs/stable/generated/torch.set_float32_matmul_precision.html#torch.set_float32_matmul_precision
LOCAL_RANK: 0 - CUDA_VISIBLE_DEVICES: [0,1,2,3,4,5,6,7]
You are using a CUDA device ('NVIDIA GeForce RTX 3090') that has Tensor Cores. To properly utilize them, you should set `torch.set_float32_matmul_precision('medium' | 'high')` which will trade-off precision for performance. For more details, read https://pytorch.org/docs/stable/generated/torch.set_float32_matmul_precision.html#torch.set_float32_matmul_precision
LOCAL_RANK: 0 - CUDA_VISIBLE_DEVICES: [0,1,2,3,4,5,6,7]
usage: The script to train inDecay [-h] -E EXPERIMENT [-C READ_CUTOFF]
                                   [-T TEST_OLIGOS] [-G GPU_DEVICES]
                                   [-P PRETRAIN] [-M MODEL_CLASS]
                                   [-D DATA_TRANSFORM] [-O MODE]
                                   [--progress_bar PROGRESS_BAR]
The script to train inDecay: error: unrecognized arguments: c100HAP.out
